<!DOCTYPE html>

<html>
  <head>
  <meta charset='utf-8'>
  <title>TestNG reports</title>

    <link type="text/css" href="testng-reports.css" rel="stylesheet" />
    <script type="text/javascript" src="jquery-1.7.1.min.js"></script>
    <script type="text/javascript" src="testng-reports.js"></script>
    <script type="text/javascript" src="https://www.google.com/jsapi"></script>
    <script type='text/javascript'>
      google.load('visualization', '1', {packages:['table']});
      google.setOnLoadCallback(drawTable);
      var suiteTableInitFunctions = new Array();
      var suiteTableData = new Array();
    </script>
    <!--
      <script type="text/javascript" src="jquery-ui/js/jquery-ui-1.8.16.custom.min.js"></script>
     -->
  </head>

  <body>
    <div class="top-banner-root">
      <span class="top-banner-title-font">Test results</span>
      <br/>
      <span class="top-banner-font-1">1 suite, 1 failed test</span>
    </div> <!-- top-banner-root -->
    <div class="navigator-root">
      <div class="navigator-suite-header">
        <span>All suites</span>
        <a href="#" title="Collapse/expand all the suites" class="collapse-all-link">
          <img src="collapseall.gif" class="collapse-all-icon">
          </img> <!-- collapse-all-icon -->
        </a> <!-- collapse-all-link -->
      </div> <!-- navigator-suite-header -->
      <div class="suite">
        <div class="rounded-window">
          <div class="suite-header light-rounded-window-top">
            <a href="#" panel-name="suite-Surefire_suite" class="navigator-link">
              <span class="suite-name border-failed">Surefire suite</span>
            </a> <!-- navigator-link -->
          </div> <!-- suite-header light-rounded-window-top -->
          <div class="navigator-suite-content">
            <div class="suite-section-title">
              <span>Info</span>
            </div> <!-- suite-section-title -->
            <div class="suite-section-content">
              <ul>
                <li>
                  <a href="#" panel-name="test-xml-Surefire_suite" class="navigator-link ">
                    <span>[unset file name]</span>
                  </a> <!-- navigator-link  -->
                </li>
                <li>
                  <a href="#" panel-name="testlist-Surefire_suite" class="navigator-link ">
                    <span class="test-stats">1 test</span>
                  </a> <!-- navigator-link  -->
                </li>
                <li>
                  <a href="#" panel-name="group-Surefire_suite" class="navigator-link ">
                    <span>3 groups</span>
                  </a> <!-- navigator-link  -->
                </li>
                <li>
                  <a href="#" panel-name="times-Surefire_suite" class="navigator-link ">
                    <span>Times</span>
                  </a> <!-- navigator-link  -->
                </li>
                <li>
                  <a href="#" panel-name="reporter-Surefire_suite" class="navigator-link ">
                    <span>Reporter output</span>
                  </a> <!-- navigator-link  -->
                </li>
                <li>
                  <a href="#" panel-name="ignored-methods-Surefire_suite" class="navigator-link ">
                    <span>Ignored methods</span>
                  </a> <!-- navigator-link  -->
                </li>
                <li>
                  <a href="#" panel-name="chronological-Surefire_suite" class="navigator-link ">
                    <span>Chronological view</span>
                  </a> <!-- navigator-link  -->
                </li>
              </ul>
            </div> <!-- suite-section-content -->
            <div class="result-section">
              <div class="suite-section-title">
                <span>Results</span>
              </div> <!-- suite-section-title -->
              <div class="suite-section-content">
                <ul>
                  <li>
                    <span class="method-stats">5 methods, 1 failed,  4 skipped,  </span>
                  </li>
                  <li>
                    <span class="method-list-title failed">Failed methods</span>
                    <span class="show-or-hide-methods failed">
                      <a href="#" panel-name="suite-Surefire_suite" class="hide-methods failed suite-Surefire_suite"> (hide)</a> <!-- hide-methods failed suite-Surefire_suite -->
                      <a href="#" panel-name="suite-Surefire_suite" class="show-methods failed suite-Surefire_suite"> (show)</a> <!-- show-methods failed suite-Surefire_suite -->
                    </span>
                    <div class="method-list-content failed suite-Surefire_suite">
                      <span>
                        <img src="failed.png" width="3%"/>
                        <a href="#" panel-name="suite-Surefire_suite" title="cucumber.TestNGTestRunner" class="method navigator-link" hash-for-method="runScenario(&quot;Positive Test of Submitting the order&quot;, &quot;Purchase the order from Ecommerce Website&quot;)">runScenario("Positive Test of Submitting the order", "Purchase the order from Ecommerce Website")</a> <!-- method navigator-link -->
                      </span>
                      <br/>
                    </div> <!-- method-list-content failed suite-Surefire_suite -->
                  </li>
                  <li>
                    <span class="method-list-title skipped">Skipped methods</span>
                    <span class="show-or-hide-methods skipped">
                      <a href="#" panel-name="suite-Surefire_suite" class="hide-methods skipped suite-Surefire_suite"> (hide)</a> <!-- hide-methods skipped suite-Surefire_suite -->
                      <a href="#" panel-name="suite-Surefire_suite" class="show-methods skipped suite-Surefire_suite"> (show)</a> <!-- show-methods skipped suite-Surefire_suite -->
                    </span>
                    <div class="method-list-content skipped suite-Surefire_suite">
                      <span>
                        <img src="skipped.png" width="3%"/>
                        <a href="#" panel-name="suite-Surefire_suite" title="Accolite.tests.ErrorValidationsTest" class="method navigator-link" hash-for-method="LoginErrorValidation">LoginErrorValidation</a> <!-- method navigator-link -->
                      </span>
                      <br/>
                      <span>
                        <img src="skipped.png" width="3%"/>
                        <a href="#" panel-name="suite-Surefire_suite" title="Accolite.tests.SubmitOrderTest" class="method navigator-link" hash-for-method="OrderHistoryTest">OrderHistoryTest</a> <!-- method navigator-link -->
                      </span>
                      <br/>
                      <span>
                        <img src="skipped.png" width="3%"/>
                        <a href="#" panel-name="suite-Surefire_suite" title="Accolite.tests.ErrorValidationsTest" class="method navigator-link" hash-for-method="ProductErrorValidation">ProductErrorValidation</a> <!-- method navigator-link -->
                      </span>
                      <br/>
                      <span>
                        <img src="skipped.png" width="3%"/>
                        <a href="#" panel-name="suite-Surefire_suite" title="Accolite.tests.SubmitOrderTest" class="method navigator-link" hash-for-method="submitOrder">submitOrder</a> <!-- method navigator-link -->
                      </span>
                      <br/>
                    </div> <!-- method-list-content skipped suite-Surefire_suite -->
                  </li>
                </ul>
              </div> <!-- suite-section-content -->
            </div> <!-- result-section -->
          </div> <!-- navigator-suite-content -->
        </div> <!-- rounded-window -->
      </div> <!-- suite -->
    </div> <!-- navigator-root -->
    <div class="wrapper">
      <div class="main-panel-root">
        <div panel-name="suite-Surefire_suite" class="panel Surefire_suite">
          <div class="suite-Surefire_suite-class-failed">
            <div class="main-panel-header rounded-window-top">
              <img src="failed.png"/>
              <span class="class-name">cucumber.TestNGTestRunner</span>
            </div> <!-- main-panel-header rounded-window-top -->
            <div class="main-panel-content rounded-window-bottom">
              <div class="method">
                <div class="method-content">
                  <a name="runScenario(&quot;Positive Test of Submitting the order&quot;, &quot;Purchase the order from Ecommerce Website&quot;)">
                  </a> <!-- runScenario("Positive Test of Submitting the order", "Purchase the order from Ecommerce Website") -->
                  <span class="method-name">runScenario</span>
                  <span class="parameters">("Positive Test of Submitting the order", "Purchase the order from Ecommerce Website")</span>
                  <div class="stack-trace">io.cucumber.testng.UndefinedStepException: The step &apos;I landed on Ecommerce Page&apos; and 4 other step(s) are undefined.
You can implement these steps using the snippet(s) below:

@Given(&quot;I landed on Ecommerce Page&quot;)
public void i_landed_on_ecommerce_page() {
    // Write code here that turns the phrase above into concrete actions
    throw new io.cucumber.java.PendingException();
}
@Given(&quot;Logged in with username rahulshetty@gmail.com and password Iamking@{int}&quot;)
public void logged_in_with_username_rahulshetty_gmail_com_and_password_iamking(Integer int1) {
    // Write code here that turns the phrase above into concrete actions
    throw new io.cucumber.java.PendingException();
}
@When(&quot;I add product ZARA COAT {int} to Cart&quot;)
public void i_add_product_zara_coat_to_cart(Integer int1) {
    // Write code here that turns the phrase above into concrete actions
    throw new io.cucumber.java.PendingException();
}
@When(&quot;Checkout ZARA COAT {int} and submit the order&quot;)
public void checkout_zara_coat_and_submit_the_order(Integer int1) {
    // Write code here that turns the phrase above into concrete actions
    throw new io.cucumber.java.PendingException();
}
@Then(&quot;{string} message is displayed on ConfirmationPage&quot;)
public void message_is_displayed_on_confirmation_page(String string) {
    // Write code here that turns the phrase above into concrete actions
    throw new io.cucumber.java.PendingException();
}

	at io.cucumber.core.runtime.TestCaseResultObserver.assertTestCasePassed(TestCaseResultObserver.java:69)
	at io.cucumber.testng.TestCaseResultObserver.assertTestCasePassed(TestCaseResultObserver.java:23)
	at io.cucumber.testng.TestNGCucumberRunner.lambda$runScenario$1(TestNGCucumberRunner.java:133)
	at io.cucumber.core.runtime.CucumberExecutionContext.lambda$runTestCase$5(CucumberExecutionContext.java:129)
	at io.cucumber.core.runtime.RethrowingThrowableCollector.executeAndThrow(RethrowingThrowableCollector.java:23)
	at io.cucumber.core.runtime.CucumberExecutionContext.runTestCase(CucumberExecutionContext.java:129)
	at io.cucumber.testng.TestNGCucumberRunner.runScenario(TestNGCucumberRunner.java:129)
	at io.cucumber.testng.AbstractTestNGCucumberTests.runScenario(AbstractTestNGCucumberTests.java:35)
... Removed 30 stack frames
</div> <!-- stack-trace -->
                  <em>
(Runs Cucumber Scenarios)                  </em>
                </div> <!-- method-content -->
              </div> <!-- method -->
            </div> <!-- main-panel-content rounded-window-bottom -->
          </div> <!-- suite-Surefire_suite-class-failed -->
          <div class="suite-Surefire_suite-class-skipped">
            <div class="main-panel-header rounded-window-top">
              <img src="skipped.png"/>
              <span class="class-name">Accolite.tests.ErrorValidationsTest</span>
            </div> <!-- main-panel-header rounded-window-top -->
            <div class="main-panel-content rounded-window-bottom">
              <div class="method">
                <div class="method-content">
                  <a name="LoginErrorValidation">
                  </a> <!-- LoginErrorValidation -->
                  <span class="method-name">LoginErrorValidation</span>
                  <div class="stack-trace">java.io.FileNotFoundException: C:\Users\vamsi.krishna\eclipse-workspace\SeleniumFramWorkDesign-maven\src\main\java\rahulshettyacademy\resources\GlobalData.properties (The system cannot find the path specified)
	at java.base/java.io.FileInputStream.open0(Native Method)
	at java.base/java.io.FileInputStream.open(FileInputStream.java:211)
	at java.base/java.io.FileInputStream.&lt;init&gt;(FileInputStream.java:153)
	at java.base/java.io.FileInputStream.&lt;init&gt;(FileInputStream.java:108)
	at Accolite.TestComponents.BaseTest.initializeDriver(BaseTest.java:44)
	at Accolite.TestComponents.BaseTest.launchApplication(BaseTest.java:110)
... Removed 33 stack frames
</div> <!-- stack-trace -->
                </div> <!-- method-content -->
              </div> <!-- method -->
              <div class="method">
                <div class="method-content">
                  <a name="ProductErrorValidation">
                  </a> <!-- ProductErrorValidation -->
                  <span class="method-name">ProductErrorValidation</span>
                  <div class="stack-trace">java.io.FileNotFoundException: C:\Users\vamsi.krishna\eclipse-workspace\SeleniumFramWorkDesign-maven\src\main\java\rahulshettyacademy\resources\GlobalData.properties (The system cannot find the path specified)
	at java.base/java.io.FileInputStream.open0(Native Method)
	at java.base/java.io.FileInputStream.open(FileInputStream.java:211)
	at java.base/java.io.FileInputStream.&lt;init&gt;(FileInputStream.java:153)
	at java.base/java.io.FileInputStream.&lt;init&gt;(FileInputStream.java:108)
	at Accolite.TestComponents.BaseTest.initializeDriver(BaseTest.java:44)
	at Accolite.TestComponents.BaseTest.launchApplication(BaseTest.java:110)
... Removed 33 stack frames
</div> <!-- stack-trace -->
                </div> <!-- method-content -->
              </div> <!-- method -->
            </div> <!-- main-panel-content rounded-window-bottom -->
          </div> <!-- suite-Surefire_suite-class-skipped -->
          <div class="suite-Surefire_suite-class-skipped">
            <div class="main-panel-header rounded-window-top">
              <img src="skipped.png"/>
              <span class="class-name">Accolite.tests.SubmitOrderTest</span>
            </div> <!-- main-panel-header rounded-window-top -->
            <div class="main-panel-content rounded-window-bottom">
              <div class="method">
                <div class="method-content">
                  <a name="OrderHistoryTest">
                  </a> <!-- OrderHistoryTest -->
                  <span class="method-name">OrderHistoryTest</span>
                  <div class="stack-trace">java.lang.Throwable: Method SubmitOrderTest.OrderHistoryTest()[pri:0, instance:Accolite.tests.SubmitOrderTest@6ed3ccb2] depends on not successfully finished methods
... Removed 23 stack frames
</div> <!-- stack-trace -->
                </div> <!-- method-content -->
              </div> <!-- method -->
              <div class="method">
                <div class="method-content">
                  <a name="submitOrder">
                  </a> <!-- submitOrder -->
                  <span class="method-name">submitOrder</span>
                  <div class="stack-trace">java.lang.RuntimeException: java.io.FileNotFoundException: File &apos;C:\Users\vamsi.krishna\eclipse-workspace\SeleniumFramWorkDesign-maven\src\test\java\rahulshettyacademy\data\PurchaseOrder.json&apos; does not exist
Caused by: java.io.FileNotFoundException: File &apos;C:\Users\vamsi.krishna\eclipse-workspace\SeleniumFramWorkDesign-maven\src\test\java\rahulshettyacademy\data\PurchaseOrder.json&apos; does not exist
	at org.apache.commons.io.FileUtils.openInputStream(FileUtils.java:297)
	at org.apache.commons.io.FileUtils.readFileToString(FileUtils.java:1805)
	at Accolite.TestComponents.BaseTest.getJsonDataToMap(BaseTest.java:81)
	at Accolite.tests.SubmitOrderTest.getData(SubmitOrderTest.java:81)
	... 27 more
... Removed 35 stack frames
</div> <!-- stack-trace -->
                </div> <!-- method-content -->
              </div> <!-- method -->
            </div> <!-- main-panel-content rounded-window-bottom -->
          </div> <!-- suite-Surefire_suite-class-skipped -->
        </div> <!-- panel Surefire_suite -->
        <div panel-name="test-xml-Surefire_suite" class="panel">
          <div class="main-panel-header rounded-window-top">
          </div> <!-- main-panel-header rounded-window-top -->
          <div class="main-panel-content rounded-window-bottom">
            <pre>
&lt;?xml version=&quot;1.0&quot; encoding=&quot;UTF-8&quot;?&gt;
&lt;!DOCTYPE suite SYSTEM &quot;http://testng.org/testng-1.0.dtd&quot;&gt;
&lt;suite thread-count=&quot;1&quot; name=&quot;Surefire suite&quot; verbose=&quot;0&quot;&gt;
  &lt;test thread-count=&quot;1&quot; name=&quot;Surefire test&quot; verbose=&quot;0&quot;&gt;
    &lt;classes&gt;
      &lt;class name=&quot;Accolite.TestComponents.BaseTest&quot;/&gt;
      &lt;class name=&quot;Accolite.tests.ErrorValidationsTest&quot;/&gt;
      &lt;class name=&quot;Accolite.tests.StandAloneTest&quot;/&gt;
      &lt;class name=&quot;Accolite.tests.SubmitOrderTest&quot;/&gt;
      &lt;class name=&quot;cucumber.TestNGTestRunner&quot;/&gt;
    &lt;/classes&gt;
  &lt;/test&gt; &lt;!-- Surefire test --&gt;
&lt;/suite&gt; &lt;!-- Surefire suite --&gt;
            </pre>
          </div> <!-- main-panel-content rounded-window-bottom -->
        </div> <!-- panel -->
        <div panel-name="testlist-Surefire_suite" class="panel">
          <div class="main-panel-header rounded-window-top">
            <span class="header-content">Tests for Surefire suite</span>
          </div> <!-- main-panel-header rounded-window-top -->
          <div class="main-panel-content rounded-window-bottom">
            <ul>
              <li>
                <span class="test-name">Surefire test (5 classes)</span>
              </li>
            </ul>
          </div> <!-- main-panel-content rounded-window-bottom -->
        </div> <!-- panel -->
        <div panel-name="group-Surefire_suite" class="panel">
          <div class="main-panel-header rounded-window-top">
            <span class="header-content">Groups for Surefire suite</span>
          </div> <!-- main-panel-header rounded-window-top -->
          <div class="main-panel-content rounded-window-bottom">
            <div class="test-group">
              <span class="test-group-name">ErrorHandling</span>
              <br/>
              <div class="method-in-group">
                <span class="method-in-group-name">LoginErrorValidation</span>
                <br/>
              </div> <!-- method-in-group -->
            </div> <!-- test-group -->
            <div class="test-group">
              <span class="test-group-name">Purchase</span>
              <br/>
              <div class="method-in-group">
                <span class="method-in-group-name">submitOrder</span>
                <br/>
              </div> <!-- method-in-group -->
            </div> <!-- test-group -->
            <div class="test-group">
              <span class="test-group-name">cucumber</span>
              <br/>
              <div class="method-in-group">
                <span class="method-in-group-name">runScenario</span>
                <br/>
              </div> <!-- method-in-group -->
            </div> <!-- test-group -->
          </div> <!-- main-panel-content rounded-window-bottom -->
        </div> <!-- panel -->
        <div panel-name="times-Surefire_suite" class="panel">
          <div class="main-panel-header rounded-window-top">
            <span class="header-content">Times for Surefire suite</span>
          </div> <!-- main-panel-header rounded-window-top -->
          <div class="main-panel-content rounded-window-bottom">
            <div class="times-div">
              <script type="text/javascript">
suiteTableInitFunctions.push('tableData_Surefire_suite');
function tableData_Surefire_suite() {
var data = new google.visualization.DataTable();
data.addColumn('number', 'Number');
data.addColumn('string', 'Method');
data.addColumn('string', 'Class');
data.addColumn('number', 'Time (ms)');
data.addRows(5);
data.setCell(0, 0, 0)
data.setCell(0, 1, 'runScenario')
data.setCell(0, 2, 'cucumber.TestNGTestRunner')
data.setCell(0, 3, 124);
data.setCell(1, 0, 1)
data.setCell(1, 1, 'LoginErrorValidation')
data.setCell(1, 2, 'Accolite.tests.ErrorValidationsTest')
data.setCell(1, 3, 0);
data.setCell(2, 0, 2)
data.setCell(2, 1, 'submitOrder')
data.setCell(2, 2, 'Accolite.tests.SubmitOrderTest')
data.setCell(2, 3, 0);
data.setCell(3, 0, 3)
data.setCell(3, 1, 'ProductErrorValidation')
data.setCell(3, 2, 'Accolite.tests.ErrorValidationsTest')
data.setCell(3, 3, 0);
data.setCell(4, 0, 4)
data.setCell(4, 1, 'OrderHistoryTest')
data.setCell(4, 2, 'Accolite.tests.SubmitOrderTest')
data.setCell(4, 3, 0);
window.suiteTableData['Surefire_suite']= { tableData: data, tableDiv: 'times-div-Surefire_suite'}
return data;
}
              </script>
              <span class="suite-total-time">Total running time: 124 ms</span>
              <div id="times-div-Surefire_suite">
              </div> <!-- times-div-Surefire_suite -->
            </div> <!-- times-div -->
          </div> <!-- main-panel-content rounded-window-bottom -->
        </div> <!-- panel -->
        <div panel-name="reporter-Surefire_suite" class="panel">
          <div class="main-panel-header rounded-window-top">
            <span class="header-content">Reporter output for Surefire suite</span>
          </div> <!-- main-panel-header rounded-window-top -->
          <div class="main-panel-content rounded-window-bottom">
          </div> <!-- main-panel-content rounded-window-bottom -->
        </div> <!-- panel -->
        <div panel-name="ignored-methods-Surefire_suite" class="panel">
          <div class="main-panel-header rounded-window-top">
            <span class="header-content">0 ignored methods</span>
          </div> <!-- main-panel-header rounded-window-top -->
          <div class="main-panel-content rounded-window-bottom">
          </div> <!-- main-panel-content rounded-window-bottom -->
        </div> <!-- panel -->
        <div panel-name="chronological-Surefire_suite" class="panel">
          <div class="main-panel-header rounded-window-top">
            <span class="header-content">Methods in chronological order</span>
          </div> <!-- main-panel-header rounded-window-top -->
          <div class="main-panel-content rounded-window-bottom">
            <div class="chronological-class">
              <div class="chronological-class-name">Accolite.tests.ErrorValidationsTest</div> <!-- chronological-class-name -->
              <div class="configuration-method before">
                <img src="failed.png">
                </img>
                <span class="method-name">launchApplication</span>
                <span class="method-start">0 ms</span>
              </div> <!-- configuration-method before -->
              <div class="configuration-method after">
                <img src="failed.png">
                </img>
                <span class="method-name">tearDown</span>
                <span class="method-start">21 ms</span>
              </div> <!-- configuration-method after -->
              <div class="configuration-method before">
                <img src="failed.png">
                </img>
                <span class="method-name">launchApplication</span>
                <span class="method-start">21 ms</span>
              </div> <!-- configuration-method before -->
              <div class="configuration-method after">
                <img src="failed.png">
                </img>
                <span class="method-name">tearDown</span>
                <span class="method-start">22 ms</span>
              </div> <!-- configuration-method after -->
            </div> <!-- chronological-class -->
            <div class="chronological-class">
              <div class="chronological-class-name">cucumber.TestNGTestRunner</div> <!-- chronological-class-name -->
              <div class="configuration-class before">
                <span class="method-name">setUpClass(org.testng.TestRunner@1b28f282)</span>
                <span class="method-start">25 ms</span>
              </div> <!-- configuration-class before -->
              <div class="test-method">
                <img src="failed.png">
                </img>
                <span class="method-name">runScenario("Positive Test of Submitting the order", "Purchase the order from Ecommerce Website")</span>
                <span class="method-start">648 ms</span>
              </div> <!-- test-method -->
              <div class="configuration-class after">
                <span class="method-name">tearDownClass</span>
                <span class="method-start">773 ms</span>
              </div> <!-- configuration-class after -->
            </div> <!-- chronological-class -->
            <div class="chronological-class">
              <div class="chronological-class-name">Accolite.tests.ErrorValidationsTest</div> <!-- chronological-class-name -->
              <div class="test-method">
                <span class="method-name">LoginErrorValidation</span>
                <span class="method-start">-1721904738598 ms</span>
              </div> <!-- test-method -->
              <div class="test-method">
                <span class="method-name">ProductErrorValidation</span>
                <span class="method-start">-1721904738598 ms</span>
              </div> <!-- test-method -->
          </div> <!-- main-panel-content rounded-window-bottom -->
        </div> <!-- panel -->
      </div> <!-- main-panel-root -->
    </div> <!-- wrapper -->
  </body>
</html>
